<?xml version="1.0" encoding="UTF-8"?>
<!-- Generated by org.testng.reporters.JUnitReportReporter -->
<testsuite hostname="KirthanMalepu" failures="0" tests="6" name="TestNgParam.ParallelTestsDemo" time="3.080" errors="0" timestamp="2024-07-13T22:32:31 IST" skipped="0">
  <testcase classname="TestNgParam.ParallelTestsDemo" name="testlogo" time="2.908"/>
  <system-out/>
  <testcase classname="TestNgParam.ParallelTestsDemo" name="testlogo" time="0.067"/>
  <system-out/>
  <testcase classname="TestNgParam.ParallelTestsDemo" name="testTitle" time="0.015"/>
  <system-out/>
  <testcase classname="TestNgParam.ParallelTestsDemo" name="testTitle" time="0.045"/>
  <system-out/>
  <testcase classname="TestNgParam.ParallelTestsDemo" name="testUrl" time="0.033"/>
  <system-out/>
  <testcase classname="TestNgParam.ParallelTestsDemo" name="testUrl" time="0.012"/>
  <system-out/>
</testsuite> <!-- TestNgParam.ParallelTestsDemo -->
