<?xml version="1.0" encoding="UTF-8"?>
<!-- Generated by org.testng.reporters.JUnitReportReporter -->
<testsuite hostname="KirthanMalepu" failures="0" tests="5" name="TestNGDemo.TestAutomation" time="31.550" errors="0" timestamp="2024-07-02T23:39:59 IST" skipped="0">
  <testcase classname="TestNGDemo.TestAutomation" name="LaunchApp" time="10.693"/>
  <system-out/>
  <testcase classname="TestNGDemo.TestAutomation" name="verifylogo" time="0.134"/>
  <system-out/>
  <testcase classname="TestNGDemo.TestAutomation" name="login" time="6.662"/>
  <system-out/>
  <testcase classname="TestNGDemo.TestAutomation" name="logout" time="8.759"/>
  <system-out/>
  <testcase classname="TestNGDemo.TestAutomation" name="closeApp" time="5.302"/>
  <system-out/>
</testsuite> <!-- TestNGDemo.TestAutomation -->
