<?xml version="1.0" encoding="UTF-8"?>
<!-- Generated by org.testng.reporters.JUnitReportReporter -->
<testsuite hostname="KirthanMalepu" failures="0" tests="3" name="TestNGDemo.FirstProgram" time="0.019" errors="0" timestamp="2024-07-02T23:39:59 IST" skipped="0">
  <testcase classname="TestNGDemo.FirstProgram" name="OpenApp" time="0.012"/>
  <system-out/>
  <testcase classname="TestNGDemo.FirstProgram" name="Login" time="0.004"/>
  <system-out/>
  <testcase classname="TestNGDemo.FirstProgram" name="Logout" time="0.003"/>
  <system-out/>
</testsuite> <!-- TestNGDemo.FirstProgram -->
