<?xml version="1.0" encoding="UTF-8"?>
<!-- Generated by org.testng.reporters.JUnitReportReporter -->
<testsuite hostname="KirthanMalepu" failures="0" tests="1" name="PageObjectModelPattern.LoginTest" time="1.651" errors="0" timestamp="2024-07-15T19:15:44 IST" skipped="0">
  <testcase classname="PageObjectModelPattern.LoginTest" name="testLogin" time="1.651"/>
  <system-out/>
</testsuite> <!-- PageObjectModelPattern.LoginTest -->
