<?xml version="1.0" encoding="UTF-8"?>
<!-- Generated by org.testng.reporters.JUnitReportReporter -->
<testsuite hostname="KirthanMalepu" failures="0" tests="3" name="TestNGGrouping.SignUpTests" time="0.042" errors="0" timestamp="2024-07-06T23:42:56 IST" skipped="0">
  <testcase classname="TestNGGrouping.SignUpTests" name="SignUpByEmail" time="0.027"/>
  <system-out/>
  <testcase classname="TestNGGrouping.SignUpTests" name="SignUpByLinkedIn" time="0.009"/>
  <system-out/>
  <testcase classname="TestNGGrouping.SignUpTests" name="SignUpByIndeed" time="0.006"/>
  <system-out/>
</testsuite> <!-- TestNGGrouping.SignUpTests -->
