<?xml version="1.0" encoding="UTF-8"?>
<!-- Generated by org.testng.reporters.JUnitReportReporter -->
<testsuite hostname="KirthanMalepu" failures="0" tests="3" name="TestNGGrouping.LoginTests" time="0.030" errors="0" timestamp="2024-07-06T23:45:15 IST" skipped="0">
  <testcase classname="TestNGGrouping.LoginTests" name="loginByEmail" time="0.025"/>
  <system-out/>
  <testcase classname="TestNGGrouping.LoginTests" name="loginByLinkedIn" time="0.001"/>
  <system-out/>
  <testcase classname="TestNGGrouping.LoginTests" name="loginByIndeed" time="0.004"/>
  <system-out/>
</testsuite> <!-- TestNGGrouping.LoginTests -->
