<?xml version="1.0" encoding="UTF-8"?>
<!-- Generated by org.testng.reporters.JUnitReportReporter -->
<testsuite hostname="KirthanMalepu" failures="0" tests="2" name="TestNGGrouping.PaymentTests" time="0.052" errors="0" timestamp="2024-07-06T23:57:15 IST" skipped="0">
  <testcase classname="TestNGGrouping.PaymentTests" name="PaymentInRupees" time="0.047"/>
  <system-out/>
  <testcase classname="TestNGGrouping.PaymentTests" name="PaymentInDollar" time="0.005"/>
  <system-out/>
</testsuite> <!-- TestNGGrouping.PaymentTests -->
